[2024-05-21T11:15:47.793+0000] {manager.py:487} INFO - Processing files using up to 2 processes at a time 
[2024-05-21T11:15:47.797+0000] {manager.py:488} INFO - Process each file at most once every 30 seconds
[2024-05-21T11:15:47.800+0000] {manager.py:489} INFO - Checking for new files in /opt/airflow/dags every 300 seconds
[2024-05-21T11:15:47.807+0000] {manager.py:759} INFO - Searching for files in /opt/airflow/dags
[2024-05-21T11:15:47.880+0000] {manager.py:762} INFO - There are 1 files in /opt/airflow/dags
[2024-05-21T11:15:48.129+0000] {manager.py:893} INFO - 
================================================================================
DAG File Processing Stats

File Path                          PID  Runtime      # DAGs    # Errors  Last Runtime    Last Run
-------------------------------  -----  ---------  --------  ----------  --------------  ----------
/opt/airflow/dags/reddit_dag.py     29  0.17s             0           0
================================================================================
[2024-05-21T11:16:19.027+0000] {manager.py:893} INFO - 
================================================================================
DAG File Processing Stats

File Path                          PID  Runtime      # DAGs    # Errors  Last Runtime    Last Run
-------------------------------  -----  ---------  --------  ----------  --------------  -------------------
/opt/airflow/dags/reddit_dag.py     30  0.04s             0           1  0.27s           2024-05-21T11:15:48
================================================================================
[2024-05-21T11:16:49.615+0000] {manager.py:893} INFO - 
================================================================================
DAG File Processing Stats

File Path                          PID  Runtime      # DAGs    # Errors  Last Runtime    Last Run
-------------------------------  -----  ---------  --------  ----------  --------------  -------------------
/opt/airflow/dags/reddit_dag.py     31  0.05s             0           1  0.44s           2024-05-21T11:16:19
================================================================================
[2024-05-21T11:17:20.052+0000] {manager.py:893} INFO - 
================================================================================
DAG File Processing Stats

File Path                          PID  Runtime      # DAGs    # Errors  Last Runtime    Last Run
-------------------------------  -----  ---------  --------  ----------  --------------  -------------------
/opt/airflow/dags/reddit_dag.py     32  0.04s             0           1  0.33s           2024-05-21T11:16:49
================================================================================
[2024-05-21T11:20:17.966+0000] {manager.py:487} INFO - Processing files using up to 2 processes at a time 
[2024-05-21T11:20:17.971+0000] {manager.py:488} INFO - Process each file at most once every 30 seconds
[2024-05-21T11:20:17.974+0000] {manager.py:489} INFO - Checking for new files in /opt/airflow/dags every 300 seconds
[2024-05-21T11:20:17.980+0000] {manager.py:759} INFO - Searching for files in /opt/airflow/dags
[2024-05-21T11:20:18.028+0000] {manager.py:762} INFO - There are 1 files in /opt/airflow/dags
[2024-05-21T11:20:18.339+0000] {manager.py:893} INFO - 
================================================================================
DAG File Processing Stats

File Path                          PID  Runtime      # DAGs    # Errors  Last Runtime    Last Run
-------------------------------  -----  ---------  --------  ----------  --------------  ----------
/opt/airflow/dags/reddit_dag.py     29  0.19s             0           0
================================================================================
[2024-05-21T11:20:48.827+0000] {manager.py:893} INFO - 
================================================================================
DAG File Processing Stats

File Path                          PID  Runtime      # DAGs    # Errors  Last Runtime    Last Run
-------------------------------  -----  ---------  --------  ----------  --------------  -------------------
/opt/airflow/dags/reddit_dag.py     30  0.04s             0           1  0.31s           2024-05-21T11:20:18
================================================================================
[2024-05-21T11:21:19.257+0000] {manager.py:893} INFO - 
================================================================================
DAG File Processing Stats

File Path                          PID  Runtime      # DAGs    # Errors  Last Runtime    Last Run
-------------------------------  -----  ---------  --------  ----------  --------------  -------------------
/opt/airflow/dags/reddit_dag.py     31  0.02s             0           1  0.41s           2024-05-21T11:20:49
================================================================================
[2024-05-21T11:21:49.736+0000] {manager.py:893} INFO - 
================================================================================
DAG File Processing Stats

File Path                          PID  Runtime      # DAGs    # Errors  Last Runtime    Last Run
-------------------------------  -----  ---------  --------  ----------  --------------  -------------------
/opt/airflow/dags/reddit_dag.py     32  0.02s             0           1  0.22s           2024-05-21T11:21:19
================================================================================
[2024-05-21T11:22:20.281+0000] {manager.py:893} INFO - 
================================================================================
DAG File Processing Stats

File Path                          PID  Runtime      # DAGs    # Errors  Last Runtime    Last Run
-------------------------------  -----  ---------  --------  ----------  --------------  -------------------
/opt/airflow/dags/reddit_dag.py     33  0.04s             0           1  0.13s           2024-05-21T11:21:49
================================================================================
[2024-05-21T11:22:50.898+0000] {manager.py:893} INFO - 
================================================================================
DAG File Processing Stats

File Path                          PID  Runtime      # DAGs    # Errors  Last Runtime    Last Run
-------------------------------  -----  ---------  --------  ----------  --------------  -------------------
/opt/airflow/dags/reddit_dag.py     34  0.04s             0           1  0.21s           2024-05-21T11:22:20
================================================================================
[2024-05-21T11:23:21.383+0000] {manager.py:893} INFO - 
================================================================================
DAG File Processing Stats

File Path                          PID  Runtime      # DAGs    # Errors  Last Runtime    Last Run
-------------------------------  -----  ---------  --------  ----------  --------------  -------------------
/opt/airflow/dags/reddit_dag.py     35  0.03s             0           1  0.21s           2024-05-21T11:22:51
================================================================================
[2024-05-21T11:23:51.939+0000] {manager.py:893} INFO - 
================================================================================
DAG File Processing Stats

File Path                        PID    Runtime      # DAGs    # Errors  Last Runtime    Last Run
-------------------------------  -----  ---------  --------  ----------  --------------  -------------------
/opt/airflow/dags/reddit_dag.py                           0           1  0.34s           2024-05-21T11:23:45
================================================================================
[2024-05-21T11:24:22.428+0000] {manager.py:893} INFO - 
================================================================================
DAG File Processing Stats

File Path                        PID    Runtime      # DAGs    # Errors  Last Runtime    Last Run
-------------------------------  -----  ---------  --------  ----------  --------------  -------------------
/opt/airflow/dags/reddit_dag.py                           0           1  0.15s           2024-05-21T11:24:15
================================================================================
[2024-05-21T11:24:52.888+0000] {manager.py:893} INFO - 
================================================================================
DAG File Processing Stats

File Path                        PID    Runtime      # DAGs    # Errors  Last Runtime    Last Run
-------------------------------  -----  ---------  --------  ----------  --------------  -------------------
/opt/airflow/dags/reddit_dag.py                           0           1  0.13s           2024-05-21T11:24:45
================================================================================
[2024-05-21T11:25:18.443+0000] {manager.py:759} INFO - Searching for files in /opt/airflow/dags
[2024-05-21T11:25:18.481+0000] {manager.py:762} INFO - There are 1 files in /opt/airflow/dags
[2024-05-21T11:25:23.578+0000] {manager.py:893} INFO - 
================================================================================
DAG File Processing Stats

File Path                        PID    Runtime      # DAGs    # Errors  Last Runtime    Last Run
-------------------------------  -----  ---------  --------  ----------  --------------  -------------------
/opt/airflow/dags/reddit_dag.py                           0           1  0.38s           2024-05-21T11:25:16
================================================================================
[2024-05-21T11:30:55.360+0000] {manager.py:487} INFO - Processing files using up to 2 processes at a time 
[2024-05-21T11:30:55.488+0000] {manager.py:488} INFO - Process each file at most once every 30 seconds
[2024-05-21T11:30:55.495+0000] {manager.py:489} INFO - Checking for new files in /opt/airflow/dags every 300 seconds
[2024-05-21T11:30:55.515+0000] {manager.py:755} INFO - Searching for files in /opt/airflow/dags
[2024-05-21T11:30:55.632+0000] {manager.py:758} INFO - There are 1 files in /opt/airflow/dags
[2024-05-21T11:30:56.155+0000] {manager.py:887} INFO - 
================================================================================
DAG File Processing Stats

File Path                          PID  Runtime      # DAGs    # Errors  Last Runtime    Last Run
-------------------------------  -----  ---------  --------  ----------  --------------  ----------
/opt/airflow/dags/reddit_dag.py     28  0.33s             0           0
================================================================================
[2024-05-21T11:31:27.113+0000] {manager.py:887} INFO - 
================================================================================
DAG File Processing Stats

File Path                        PID    Runtime      # DAGs    # Errors  Last Runtime    Last Run
-------------------------------  -----  ---------  --------  ----------  --------------  -------------------
/opt/airflow/dags/reddit_dag.py                           0           1  3.40s           2024-05-21T11:30:59
================================================================================
[2024-05-21T11:31:57.710+0000] {manager.py:887} INFO - 
================================================================================
DAG File Processing Stats

File Path                        PID    Runtime      # DAGs    # Errors  Last Runtime    Last Run
-------------------------------  -----  ---------  --------  ----------  --------------  -------------------
/opt/airflow/dags/reddit_dag.py                           0           1  7.90s           2024-05-21T11:31:37
================================================================================
[2024-05-21T11:32:28.932+0000] {manager.py:887} INFO - 
================================================================================
DAG File Processing Stats

File Path                          PID  Runtime      # DAGs    # Errors  Last Runtime    Last Run
-------------------------------  -----  ---------  --------  ----------  --------------  -------------------
/opt/airflow/dags/reddit_dag.py     30  20.00s            0           1  7.90s           2024-05-21T11:31:37
================================================================================
[2024-05-21T13:28:36.004+0000] {manager.py:487} INFO - Processing files using up to 2 processes at a time 
[2024-05-21T13:28:36.009+0000] {manager.py:488} INFO - Process each file at most once every 30 seconds
[2024-05-21T13:28:36.014+0000] {manager.py:489} INFO - Checking for new files in /opt/airflow/dags every 300 seconds
[2024-05-21T13:28:36.020+0000] {manager.py:755} INFO - Searching for files in /opt/airflow/dags
[2024-05-21T13:28:36.064+0000] {manager.py:758} INFO - There are 1 files in /opt/airflow/dags
[2024-05-21T13:28:36.211+0000] {manager.py:887} INFO - 
================================================================================
DAG File Processing Stats

File Path                          PID  Runtime      # DAGs    # Errors  Last Runtime    Last Run
-------------------------------  -----  ---------  --------  ----------  --------------  ----------
/opt/airflow/dags/reddit_dag.py     29  0.05s             0           0
================================================================================
[2024-05-21T13:29:06.458+0000] {manager.py:887} INFO - 
================================================================================
DAG File Processing Stats

File Path                        PID    Runtime      # DAGs    # Errors  Last Runtime    Last Run
-------------------------------  -----  ---------  --------  ----------  --------------  -------------------
/opt/airflow/dags/reddit_dag.py                           0           1  0.51s           2024-05-21T13:28:36
================================================================================
[2024-05-21T13:29:36.606+0000] {manager.py:887} INFO - 
================================================================================
DAG File Processing Stats

File Path                        PID    Runtime      # DAGs    # Errors  Last Runtime    Last Run
-------------------------------  -----  ---------  --------  ----------  --------------  -------------------
/opt/airflow/dags/reddit_dag.py                           0           1  0.87s           2024-05-21T13:29:07
================================================================================
[2024-05-21T13:30:06.840+0000] {manager.py:887} INFO - 
================================================================================
DAG File Processing Stats

File Path                        PID    Runtime      # DAGs    # Errors  Last Runtime    Last Run
-------------------------------  -----  ---------  --------  ----------  --------------  -------------------
/opt/airflow/dags/reddit_dag.py                           0           1  0.76s           2024-05-21T13:29:39
================================================================================
[2024-05-21T13:58:46.877+0000] {manager.py:487} INFO - Processing files using up to 2 processes at a time 
[2024-05-21T13:58:46.881+0000] {manager.py:488} INFO - Process each file at most once every 30 seconds
[2024-05-21T13:58:46.892+0000] {manager.py:489} INFO - Checking for new files in /opt/airflow/dags every 300 seconds
[2024-05-21T13:58:46.908+0000] {manager.py:755} INFO - Searching for files in /opt/airflow/dags
[2024-05-21T13:58:46.959+0000] {manager.py:758} INFO - There are 1 files in /opt/airflow/dags
[2024-05-21T13:58:47.180+0000] {manager.py:887} INFO - 
================================================================================
DAG File Processing Stats

File Path                          PID  Runtime      # DAGs    # Errors  Last Runtime    Last Run
-------------------------------  -----  ---------  --------  ----------  --------------  ----------
/opt/airflow/dags/reddit_dag.py     29  0.14s             0           0
================================================================================
[2024-05-21T13:59:17.716+0000] {manager.py:887} INFO - 
================================================================================
DAG File Processing Stats

File Path                        PID    Runtime      # DAGs    # Errors  Last Runtime    Last Run
-------------------------------  -----  ---------  --------  ----------  --------------  -------------------
/opt/airflow/dags/reddit_dag.py                           1           0  1.37s           2024-05-21T13:58:48
================================================================================
[2024-05-21T13:59:48.209+0000] {manager.py:887} INFO - 
================================================================================
DAG File Processing Stats

File Path                        PID    Runtime      # DAGs    # Errors  Last Runtime    Last Run
-------------------------------  -----  ---------  --------  ----------  --------------  -------------------
/opt/airflow/dags/reddit_dag.py                           1           0  2.08s           2024-05-21T13:59:20
================================================================================
[2024-05-21T14:00:18.669+0000] {manager.py:887} INFO - 
================================================================================
DAG File Processing Stats

File Path                        PID    Runtime      # DAGs    # Errors  Last Runtime    Last Run
-------------------------------  -----  ---------  --------  ----------  --------------  -------------------
/opt/airflow/dags/reddit_dag.py                           1           0  1.98s           2024-05-21T13:59:53
================================================================================
[2024-05-21T14:00:49.177+0000] {manager.py:887} INFO - 
================================================================================
DAG File Processing Stats

File Path                        PID    Runtime      # DAGs    # Errors  Last Runtime    Last Run
-------------------------------  -----  ---------  --------  ----------  --------------  -------------------
/opt/airflow/dags/reddit_dag.py                           1           0  0.87s           2024-05-21T14:00:24
================================================================================
[2024-05-21T14:01:19.508+0000] {manager.py:887} INFO - 
================================================================================
DAG File Processing Stats

File Path                        PID    Runtime      # DAGs    # Errors  Last Runtime    Last Run
-------------------------------  -----  ---------  --------  ----------  --------------  -------------------
/opt/airflow/dags/reddit_dag.py                           1           0  0.89s           2024-05-21T14:00:56
================================================================================
[2024-05-21T14:01:49.859+0000] {manager.py:887} INFO - 
================================================================================
DAG File Processing Stats

File Path                        PID    Runtime      # DAGs    # Errors  Last Runtime    Last Run
-------------------------------  -----  ---------  --------  ----------  --------------  -------------------
/opt/airflow/dags/reddit_dag.py                           1           0  0.95s           2024-05-21T14:01:27
================================================================================
[2024-05-21T14:02:19.975+0000] {manager.py:887} INFO - 
================================================================================
DAG File Processing Stats

File Path                        PID    Runtime      # DAGs    # Errors  Last Runtime    Last Run
-------------------------------  -----  ---------  --------  ----------  --------------  -------------------
/opt/airflow/dags/reddit_dag.py                           1           0  0.75s           2024-05-21T14:01:58
================================================================================
[2024-05-21T14:02:50.399+0000] {manager.py:887} INFO - 
================================================================================
DAG File Processing Stats

File Path                        PID    Runtime      # DAGs    # Errors  Last Runtime    Last Run
-------------------------------  -----  ---------  --------  ----------  --------------  -------------------
/opt/airflow/dags/reddit_dag.py                           1           0  1.34s           2024-05-21T14:02:30
================================================================================
[2024-05-21T14:03:21.034+0000] {manager.py:887} INFO - 
================================================================================
DAG File Processing Stats

File Path                        PID    Runtime      # DAGs    # Errors  Last Runtime    Last Run
-------------------------------  -----  ---------  --------  ----------  --------------  -------------------
/opt/airflow/dags/reddit_dag.py                           1           0  0.63s           2024-05-21T14:03:01
================================================================================
[2024-05-21T14:03:47.243+0000] {manager.py:755} INFO - Searching for files in /opt/airflow/dags
[2024-05-21T14:03:47.265+0000] {manager.py:758} INFO - There are 1 files in /opt/airflow/dags
[2024-05-21T14:03:51.324+0000] {manager.py:887} INFO - 
================================================================================
DAG File Processing Stats

File Path                        PID    Runtime      # DAGs    # Errors  Last Runtime    Last Run
-------------------------------  -----  ---------  --------  ----------  --------------  -------------------
/opt/airflow/dags/reddit_dag.py                           1           0  0.56s           2024-05-21T14:03:32
================================================================================
[2024-05-21T14:04:22.053+0000] {manager.py:887} INFO - 
================================================================================
DAG File Processing Stats

File Path                        PID    Runtime      # DAGs    # Errors  Last Runtime    Last Run
-------------------------------  -----  ---------  --------  ----------  --------------  -------------------
/opt/airflow/dags/reddit_dag.py                           1           0  0.51s           2024-05-21T14:04:02
================================================================================
[2024-05-21T14:04:52.493+0000] {manager.py:887} INFO - 
================================================================================
DAG File Processing Stats

File Path                        PID    Runtime      # DAGs    # Errors  Last Runtime    Last Run
-------------------------------  -----  ---------  --------  ----------  --------------  -------------------
/opt/airflow/dags/reddit_dag.py                           1           0  0.56s           2024-05-21T14:04:33
================================================================================
[2024-05-21T14:05:22.840+0000] {manager.py:887} INFO - 
================================================================================
DAG File Processing Stats

File Path                        PID    Runtime      # DAGs    # Errors  Last Runtime    Last Run
-------------------------------  -----  ---------  --------  ----------  --------------  -------------------
/opt/airflow/dags/reddit_dag.py                           1           0  0.78s           2024-05-21T14:05:04
================================================================================
[2024-05-21T14:05:52.884+0000] {manager.py:887} INFO - 
================================================================================
DAG File Processing Stats

File Path                        PID    Runtime      # DAGs    # Errors  Last Runtime    Last Run
-------------------------------  -----  ---------  --------  ----------  --------------  -------------------
/opt/airflow/dags/reddit_dag.py                           1           0  0.68s           2024-05-21T14:05:35
================================================================================
[2024-05-21T14:06:23.804+0000] {manager.py:887} INFO - 
================================================================================
DAG File Processing Stats

File Path                        PID    Runtime      # DAGs    # Errors  Last Runtime    Last Run
-------------------------------  -----  ---------  --------  ----------  --------------  -------------------
/opt/airflow/dags/reddit_dag.py                           1           0  0.55s           2024-05-21T14:06:06
================================================================================
[2024-05-21T14:06:53.935+0000] {manager.py:887} INFO - 
================================================================================
DAG File Processing Stats

File Path                        PID    Runtime      # DAGs    # Errors  Last Runtime    Last Run
-------------------------------  -----  ---------  --------  ----------  --------------  -------------------
/opt/airflow/dags/reddit_dag.py                           1           0  0.69s           2024-05-21T14:06:37
================================================================================
[2024-05-21T14:07:24.551+0000] {manager.py:887} INFO - 
================================================================================
DAG File Processing Stats

File Path                        PID    Runtime      # DAGs    # Errors  Last Runtime    Last Run
-------------------------------  -----  ---------  --------  ----------  --------------  -------------------
/opt/airflow/dags/reddit_dag.py                           1           0  0.58s           2024-05-21T14:07:08
================================================================================
[2024-05-21T14:07:54.624+0000] {manager.py:887} INFO - 
================================================================================
DAG File Processing Stats

File Path                        PID    Runtime      # DAGs    # Errors  Last Runtime    Last Run
-------------------------------  -----  ---------  --------  ----------  --------------  -------------------
/opt/airflow/dags/reddit_dag.py                           1           0  0.70s           2024-05-21T14:07:39
================================================================================
[2024-05-21T14:08:24.986+0000] {manager.py:887} INFO - 
================================================================================
DAG File Processing Stats

File Path                        PID    Runtime      # DAGs    # Errors  Last Runtime    Last Run
-------------------------------  -----  ---------  --------  ----------  --------------  -------------------
/opt/airflow/dags/reddit_dag.py                           1           0  0.58s           2024-05-21T14:08:10
================================================================================
[2024-05-21T14:08:47.305+0000] {manager.py:755} INFO - Searching for files in /opt/airflow/dags
[2024-05-21T14:08:47.316+0000] {manager.py:758} INFO - There are 1 files in /opt/airflow/dags
[2024-05-21T14:08:55.412+0000] {manager.py:887} INFO - 
================================================================================
DAG File Processing Stats

File Path                        PID    Runtime      # DAGs    # Errors  Last Runtime    Last Run
-------------------------------  -----  ---------  --------  ----------  --------------  -------------------
/opt/airflow/dags/reddit_dag.py                           1           0  0.58s           2024-05-21T14:08:41
================================================================================
[2024-05-21T14:09:25.829+0000] {manager.py:887} INFO - 
================================================================================
DAG File Processing Stats

File Path                        PID    Runtime      # DAGs    # Errors  Last Runtime    Last Run
-------------------------------  -----  ---------  --------  ----------  --------------  -------------------
/opt/airflow/dags/reddit_dag.py                           1           0  1.40s           2024-05-21T14:09:13
================================================================================
[2024-05-21T14:09:55.939+0000] {manager.py:887} INFO - 
================================================================================
DAG File Processing Stats

File Path                        PID    Runtime      # DAGs    # Errors  Last Runtime    Last Run
-------------------------------  -----  ---------  --------  ----------  --------------  -------------------
/opt/airflow/dags/reddit_dag.py                           1           0  0.71s           2024-05-21T14:09:43
================================================================================
[2024-05-21T14:10:26.151+0000] {manager.py:887} INFO - 
================================================================================
DAG File Processing Stats

File Path                        PID    Runtime      # DAGs    # Errors  Last Runtime    Last Run
-------------------------------  -----  ---------  --------  ----------  --------------  -------------------
/opt/airflow/dags/reddit_dag.py                           1           0  0.86s           2024-05-21T14:10:15
================================================================================
[2024-05-21T14:12:06.579+0000] {manager.py:487} INFO - Processing files using up to 2 processes at a time 
[2024-05-21T14:12:06.583+0000] {manager.py:488} INFO - Process each file at most once every 30 seconds
[2024-05-21T14:12:06.588+0000] {manager.py:489} INFO - Checking for new files in /opt/airflow/dags every 300 seconds
[2024-05-21T14:12:06.595+0000] {manager.py:755} INFO - Searching for files in /opt/airflow/dags
[2024-05-21T14:12:06.649+0000] {manager.py:758} INFO - There are 1 files in /opt/airflow/dags
[2024-05-21T14:12:06.851+0000] {manager.py:887} INFO - 
================================================================================
DAG File Processing Stats

File Path                          PID  Runtime      # DAGs    # Errors  Last Runtime    Last Run
-------------------------------  -----  ---------  --------  ----------  --------------  ----------
/opt/airflow/dags/reddit_dag.py     29  0.12s             0           0
================================================================================
[2024-05-21T14:12:37.767+0000] {manager.py:887} INFO - 
================================================================================
DAG File Processing Stats

File Path                        PID    Runtime      # DAGs    # Errors  Last Runtime    Last Run
-------------------------------  -----  ---------  --------  ----------  --------------  -------------------
/opt/airflow/dags/reddit_dag.py                           1           0  1.41s           2024-05-21T14:12:08
================================================================================
[2024-05-21T14:13:08.390+0000] {manager.py:887} INFO - 
================================================================================
DAG File Processing Stats

File Path                        PID    Runtime      # DAGs    # Errors  Last Runtime    Last Run
-------------------------------  -----  ---------  --------  ----------  --------------  -------------------
/opt/airflow/dags/reddit_dag.py                           1           0  1.02s           2024-05-21T14:13:00
================================================================================
[2024-05-21T14:13:38.973+0000] {manager.py:887} INFO - 
================================================================================
DAG File Processing Stats

File Path                        PID    Runtime      # DAGs    # Errors  Last Runtime    Last Run
-------------------------------  -----  ---------  --------  ----------  --------------  -------------------
/opt/airflow/dags/reddit_dag.py                           1           0  1.15s           2024-05-21T14:13:31
================================================================================
[2024-05-21T14:14:09.005+0000] {manager.py:887} INFO - 
================================================================================
DAG File Processing Stats

File Path                        PID    Runtime      # DAGs    # Errors  Last Runtime    Last Run
-------------------------------  -----  ---------  --------  ----------  --------------  -------------------
/opt/airflow/dags/reddit_dag.py                           1           0  0.67s           2024-05-21T14:14:02
================================================================================
[2024-05-21T14:14:39.038+0000] {manager.py:887} INFO - 
================================================================================
DAG File Processing Stats

File Path                        PID    Runtime      # DAGs    # Errors  Last Runtime    Last Run
-------------------------------  -----  ---------  --------  ----------  --------------  -------------------
/opt/airflow/dags/reddit_dag.py                           1           0  0.69s           2024-05-21T14:14:33
================================================================================
[2024-05-21T14:15:09.993+0000] {manager.py:887} INFO - 
================================================================================
DAG File Processing Stats

File Path                        PID    Runtime      # DAGs    # Errors  Last Runtime    Last Run
-------------------------------  -----  ---------  --------  ----------  --------------  -------------------
/opt/airflow/dags/reddit_dag.py                           1           0  0.68s           2024-05-21T14:15:04
================================================================================
[2024-05-21T14:15:40.190+0000] {manager.py:887} INFO - 
================================================================================
DAG File Processing Stats

File Path                        PID    Runtime      # DAGs    # Errors  Last Runtime    Last Run
-------------------------------  -----  ---------  --------  ----------  --------------  -------------------
/opt/airflow/dags/reddit_dag.py                           1           0  0.61s           2024-05-21T14:15:36
================================================================================
[2024-05-21T14:16:10.951+0000] {manager.py:887} INFO - 
================================================================================
DAG File Processing Stats

File Path                        PID    Runtime      # DAGs    # Errors  Last Runtime    Last Run
-------------------------------  -----  ---------  --------  ----------  --------------  -------------------
/opt/airflow/dags/reddit_dag.py                           1           0  0.50s           2024-05-21T14:16:06
================================================================================
[2024-05-21T14:16:41.025+0000] {manager.py:887} INFO - 
================================================================================
DAG File Processing Stats

File Path                        PID    Runtime      # DAGs    # Errors  Last Runtime    Last Run
-------------------------------  -----  ---------  --------  ----------  --------------  -------------------
/opt/airflow/dags/reddit_dag.py                           1           0  0.66s           2024-05-21T14:16:37
================================================================================
[2024-05-21T14:17:06.661+0000] {manager.py:755} INFO - Searching for files in /opt/airflow/dags
[2024-05-21T14:17:06.682+0000] {manager.py:758} INFO - There are 1 files in /opt/airflow/dags
[2024-05-21T14:17:11.777+0000] {manager.py:887} INFO - 
================================================================================
DAG File Processing Stats

File Path                        PID    Runtime      # DAGs    # Errors  Last Runtime    Last Run
-------------------------------  -----  ---------  --------  ----------  --------------  -------------------
/opt/airflow/dags/reddit_dag.py                           1           0  0.50s           2024-05-21T14:17:08
================================================================================
[2024-05-21T14:17:42.235+0000] {manager.py:887} INFO - 
================================================================================
DAG File Processing Stats

File Path                        PID    Runtime      # DAGs    # Errors  Last Runtime    Last Run
-------------------------------  -----  ---------  --------  ----------  --------------  -------------------
/opt/airflow/dags/reddit_dag.py                           1           0  0.48s           2024-05-21T14:17:39
================================================================================
[2024-05-21T14:18:12.582+0000] {manager.py:887} INFO - 
================================================================================
DAG File Processing Stats

File Path                        PID    Runtime      # DAGs    # Errors  Last Runtime    Last Run
-------------------------------  -----  ---------  --------  ----------  --------------  -------------------
/opt/airflow/dags/reddit_dag.py                           1           0  0.55s           2024-05-21T14:18:10
================================================================================
[2024-05-21T14:18:43.338+0000] {manager.py:887} INFO - 
================================================================================
DAG File Processing Stats

File Path                        PID    Runtime      # DAGs    # Errors  Last Runtime    Last Run
-------------------------------  -----  ---------  --------  ----------  --------------  -------------------
/opt/airflow/dags/reddit_dag.py                           1           0  0.52s           2024-05-21T14:18:41
================================================================================
[2024-05-21T14:19:13.802+0000] {manager.py:887} INFO - 
================================================================================
DAG File Processing Stats

File Path                        PID    Runtime      # DAGs    # Errors  Last Runtime    Last Run
-------------------------------  -----  ---------  --------  ----------  --------------  -------------------
/opt/airflow/dags/reddit_dag.py                           1           0  0.55s           2024-05-21T14:19:12
================================================================================
[2024-05-21T14:19:44.064+0000] {manager.py:887} INFO - 
================================================================================
DAG File Processing Stats

File Path                        PID    Runtime      # DAGs    # Errors  Last Runtime    Last Run
-------------------------------  -----  ---------  --------  ----------  --------------  -------------------
/opt/airflow/dags/reddit_dag.py                           1           0  0.49s           2024-05-21T14:19:43
================================================================================
[2024-05-21T14:20:14.427+0000] {manager.py:887} INFO - 
================================================================================
DAG File Processing Stats

File Path                        PID    Runtime      # DAGs    # Errors  Last Runtime    Last Run
-------------------------------  -----  ---------  --------  ----------  --------------  -------------------
/opt/airflow/dags/reddit_dag.py                           1           0  0.48s           2024-05-21T14:20:13
================================================================================
[2024-05-21T14:20:44.743+0000] {manager.py:887} INFO - 
================================================================================
DAG File Processing Stats

File Path                        PID    Runtime      # DAGs    # Errors  Last Runtime    Last Run
-------------------------------  -----  ---------  --------  ----------  --------------  -------------------
/opt/airflow/dags/reddit_dag.py                           1           0  0.67s           2024-05-21T14:20:39
================================================================================
[2024-05-21T14:21:14.916+0000] {manager.py:887} INFO - 
================================================================================
DAG File Processing Stats

File Path                        PID    Runtime      # DAGs    # Errors  Last Runtime    Last Run
-------------------------------  -----  ---------  --------  ----------  --------------  -------------------
/opt/airflow/dags/reddit_dag.py                           1           0  0.82s           2024-05-21T14:21:10
================================================================================
[2024-05-21T14:21:44.979+0000] {manager.py:887} INFO - 
================================================================================
DAG File Processing Stats

File Path                        PID    Runtime      # DAGs    # Errors  Last Runtime    Last Run
-------------------------------  -----  ---------  --------  ----------  --------------  -------------------
/opt/airflow/dags/reddit_dag.py                           1           0  0.63s           2024-05-21T14:21:41
================================================================================
[2024-05-21T14:22:06.808+0000] {manager.py:755} INFO - Searching for files in /opt/airflow/dags
[2024-05-21T14:22:06.835+0000] {manager.py:758} INFO - There are 1 files in /opt/airflow/dags
[2024-05-21T14:22:15.406+0000] {manager.py:887} INFO - 
================================================================================
DAG File Processing Stats

File Path                        PID    Runtime      # DAGs    # Errors  Last Runtime    Last Run
-------------------------------  -----  ---------  --------  ----------  --------------  -------------------
/opt/airflow/dags/reddit_dag.py                           1           0  1.00s           2024-05-21T14:22:13
================================================================================
[2024-05-21T14:22:45.542+0000] {manager.py:887} INFO - 
================================================================================
DAG File Processing Stats

File Path                        PID    Runtime      # DAGs    # Errors  Last Runtime    Last Run
-------------------------------  -----  ---------  --------  ----------  --------------  -------------------
/opt/airflow/dags/reddit_dag.py                           1           0  0.73s           2024-05-21T14:22:44
================================================================================
[2024-05-21T14:23:15.743+0000] {manager.py:887} INFO - 
================================================================================
DAG File Processing Stats

File Path                        PID    Runtime      # DAGs    # Errors  Last Runtime    Last Run
-------------------------------  -----  ---------  --------  ----------  --------------  -------------------
/opt/airflow/dags/reddit_dag.py                           1           0  0.67s           2024-05-21T14:23:08
================================================================================
[2024-05-21T14:23:46.022+0000] {manager.py:887} INFO - 
================================================================================
DAG File Processing Stats

File Path                        PID    Runtime      # DAGs    # Errors  Last Runtime    Last Run
-------------------------------  -----  ---------  --------  ----------  --------------  -------------------
/opt/airflow/dags/reddit_dag.py                           1           0  0.93s           2024-05-21T14:23:45
================================================================================
[2024-05-21T14:24:16.254+0000] {manager.py:887} INFO - 
================================================================================
DAG File Processing Stats

File Path                          PID  Runtime      # DAGs    # Errors  Last Runtime    Last Run
-------------------------------  -----  ---------  --------  ----------  --------------  -------------------
/opt/airflow/dags/reddit_dag.py    105  0.01s             1           0  0.67s           2024-05-21T14:24:15
================================================================================
[2024-05-21T14:24:46.282+0000] {manager.py:887} INFO - 
================================================================================
DAG File Processing Stats

File Path                        PID    Runtime      # DAGs    # Errors  Last Runtime    Last Run
-------------------------------  -----  ---------  --------  ----------  --------------  -------------------
/opt/airflow/dags/reddit_dag.py                           1           0  0.60s           2024-05-21T14:24:45
================================================================================
[2024-05-21T14:25:16.627+0000] {manager.py:887} INFO - 
================================================================================
DAG File Processing Stats

File Path                          PID  Runtime      # DAGs    # Errors  Last Runtime    Last Run
-------------------------------  -----  ---------  --------  ----------  --------------  -------------------
/opt/airflow/dags/reddit_dag.py    117  0.42s             1           0  0.60s           2024-05-21T14:24:45
================================================================================
[2024-05-21T14:25:47.003+0000] {manager.py:887} INFO - 
================================================================================
DAG File Processing Stats

File Path                        PID    Runtime      # DAGs    # Errors  Last Runtime    Last Run
-------------------------------  -----  ---------  --------  ----------  --------------  -------------------
/opt/airflow/dags/reddit_dag.py                           1           0  1.48s           2024-05-21T14:25:17
================================================================================
[2024-05-21T14:26:17.509+0000] {manager.py:887} INFO - 
================================================================================
DAG File Processing Stats

File Path                        PID    Runtime      # DAGs    # Errors  Last Runtime    Last Run
-------------------------------  -----  ---------  --------  ----------  --------------  -------------------
/opt/airflow/dags/reddit_dag.py                           1           0  0.52s           2024-05-21T14:26:09
================================================================================
[2024-05-21T14:26:47.864+0000] {manager.py:887} INFO - 
================================================================================
DAG File Processing Stats

File Path                        PID    Runtime      # DAGs    # Errors  Last Runtime    Last Run
-------------------------------  -----  ---------  --------  ----------  --------------  -------------------
/opt/airflow/dags/reddit_dag.py                           1           0  1.53s           2024-05-21T14:26:28
================================================================================
[2024-05-21T14:27:06.917+0000] {manager.py:755} INFO - Searching for files in /opt/airflow/dags
[2024-05-21T14:27:06.961+0000] {manager.py:758} INFO - There are 1 files in /opt/airflow/dags
[2024-05-21T14:27:17.919+0000] {manager.py:887} INFO - 
================================================================================
DAG File Processing Stats

File Path                        PID    Runtime      # DAGs    # Errors  Last Runtime    Last Run
-------------------------------  -----  ---------  --------  ----------  --------------  -------------------
/opt/airflow/dags/reddit_dag.py                           1           0  0.76s           2024-05-21T14:27:10
================================================================================
[2024-05-21T14:27:48.536+0000] {manager.py:887} INFO - 
================================================================================
DAG File Processing Stats

File Path                        PID    Runtime      # DAGs    # Errors  Last Runtime    Last Run
-------------------------------  -----  ---------  --------  ----------  --------------  -------------------
/opt/airflow/dags/reddit_dag.py                           1           0  0.51s           2024-05-21T14:27:41
================================================================================
[2024-05-21T14:28:19.094+0000] {manager.py:887} INFO - 
================================================================================
DAG File Processing Stats

File Path                        PID    Runtime      # DAGs    # Errors  Last Runtime    Last Run
-------------------------------  -----  ---------  --------  ----------  --------------  -------------------
/opt/airflow/dags/reddit_dag.py                           1           0  1.37s           2024-05-21T14:28:13
================================================================================
[2024-05-21T14:30:00.907+0000] {manager.py:487} INFO - Processing files using up to 2 processes at a time 
[2024-05-21T14:30:00.914+0000] {manager.py:488} INFO - Process each file at most once every 30 seconds
[2024-05-21T14:30:00.920+0000] {manager.py:489} INFO - Checking for new files in /opt/airflow/dags every 300 seconds
[2024-05-21T14:30:00.925+0000] {manager.py:755} INFO - Searching for files in /opt/airflow/dags
[2024-05-21T14:30:00.959+0000] {manager.py:758} INFO - There are 1 files in /opt/airflow/dags
[2024-05-21T14:30:01.264+0000] {manager.py:887} INFO - 
================================================================================
DAG File Processing Stats

File Path                          PID  Runtime      # DAGs    # Errors  Last Runtime    Last Run
-------------------------------  -----  ---------  --------  ----------  --------------  ----------
/opt/airflow/dags/reddit_dag.py     29  0.18s             0           0
================================================================================
[2024-05-21T14:30:32.121+0000] {manager.py:887} INFO - 
================================================================================
DAG File Processing Stats

File Path                        PID    Runtime      # DAGs    # Errors  Last Runtime    Last Run
-------------------------------  -----  ---------  --------  ----------  --------------  -------------------
/opt/airflow/dags/reddit_dag.py                           1           0  2.30s           2024-05-21T14:30:03
================================================================================
[2024-05-21T14:31:02.699+0000] {manager.py:887} INFO - 
================================================================================
DAG File Processing Stats

File Path                        PID    Runtime      # DAGs    # Errors  Last Runtime    Last Run
-------------------------------  -----  ---------  --------  ----------  --------------  -------------------
/opt/airflow/dags/reddit_dag.py                           1           0  10.03s          2024-05-21T14:30:43
================================================================================
[2024-05-21T14:31:33.224+0000] {manager.py:887} INFO - 
================================================================================
DAG File Processing Stats

File Path                        PID    Runtime      # DAGs    # Errors  Last Runtime    Last Run
-------------------------------  -----  ---------  --------  ----------  --------------  -------------------
/opt/airflow/dags/reddit_dag.py                           1           0  1.38s           2024-05-21T14:31:15
================================================================================
[2024-05-21T14:32:03.637+0000] {manager.py:887} INFO - 
================================================================================
DAG File Processing Stats

File Path                        PID    Runtime      # DAGs    # Errors  Last Runtime    Last Run
-------------------------------  -----  ---------  --------  ----------  --------------  -------------------
/opt/airflow/dags/reddit_dag.py                           1           0  0.96s           2024-05-21T14:31:46
================================================================================
[2024-05-21T14:32:33.984+0000] {manager.py:887} INFO - 
================================================================================
DAG File Processing Stats

File Path                        PID    Runtime      # DAGs    # Errors  Last Runtime    Last Run
-------------------------------  -----  ---------  --------  ----------  --------------  -------------------
/opt/airflow/dags/reddit_dag.py                           1           0  0.93s           2024-05-21T14:32:17
================================================================================
[2024-05-21T14:33:04.053+0000] {manager.py:887} INFO - 
================================================================================
DAG File Processing Stats

File Path                        PID    Runtime      # DAGs    # Errors  Last Runtime    Last Run
-------------------------------  -----  ---------  --------  ----------  --------------  -------------------
/opt/airflow/dags/reddit_dag.py                           1           0  0.70s           2024-05-21T14:32:48
================================================================================
[2024-05-21T14:33:34.193+0000] {manager.py:887} INFO - 
================================================================================
DAG File Processing Stats

File Path                        PID    Runtime      # DAGs    # Errors  Last Runtime    Last Run
-------------------------------  -----  ---------  --------  ----------  --------------  -------------------
/opt/airflow/dags/reddit_dag.py                           1           0  0.57s           2024-05-21T14:33:20
================================================================================
[2024-05-21T14:34:04.558+0000] {manager.py:887} INFO - 
================================================================================
DAG File Processing Stats

File Path                        PID    Runtime      # DAGs    # Errors  Last Runtime    Last Run
-------------------------------  -----  ---------  --------  ----------  --------------  -------------------
/opt/airflow/dags/reddit_dag.py                           1           0  1.22s           2024-05-21T14:33:51
================================================================================
[2024-05-21T14:34:35.050+0000] {manager.py:887} INFO - 
================================================================================
DAG File Processing Stats

File Path                        PID    Runtime      # DAGs    # Errors  Last Runtime    Last Run
-------------------------------  -----  ---------  --------  ----------  --------------  -------------------
/opt/airflow/dags/reddit_dag.py                           1           0  0.55s           2024-05-21T14:34:22
================================================================================
[2024-05-21T14:35:01.381+0000] {manager.py:755} INFO - Searching for files in /opt/airflow/dags
[2024-05-21T14:35:01.404+0000] {manager.py:758} INFO - There are 1 files in /opt/airflow/dags
[2024-05-21T14:35:05.485+0000] {manager.py:887} INFO - 
================================================================================
DAG File Processing Stats

File Path                        PID    Runtime      # DAGs    # Errors  Last Runtime    Last Run
-------------------------------  -----  ---------  --------  ----------  --------------  -------------------
/opt/airflow/dags/reddit_dag.py                           1           0  0.59s           2024-05-21T14:34:53
================================================================================
[2024-05-21T14:35:35.903+0000] {manager.py:887} INFO - 
================================================================================
DAG File Processing Stats

File Path                        PID    Runtime      # DAGs    # Errors  Last Runtime    Last Run
-------------------------------  -----  ---------  --------  ----------  --------------  -------------------
/opt/airflow/dags/reddit_dag.py                           1           0  0.53s           2024-05-21T14:35:24
================================================================================
[2024-05-21T14:36:06.293+0000] {manager.py:887} INFO - 
================================================================================
DAG File Processing Stats

File Path                        PID    Runtime      # DAGs    # Errors  Last Runtime    Last Run
-------------------------------  -----  ---------  --------  ----------  --------------  -------------------
/opt/airflow/dags/reddit_dag.py                           1           0  0.58s           2024-05-21T14:35:55
================================================================================
[2024-05-21T14:36:37.098+0000] {manager.py:887} INFO - 
================================================================================
DAG File Processing Stats

File Path                        PID    Runtime      # DAGs    # Errors  Last Runtime    Last Run
-------------------------------  -----  ---------  --------  ----------  --------------  -------------------
/opt/airflow/dags/reddit_dag.py                           1           0  0.60s           2024-05-21T14:36:26
================================================================================
[2024-05-21T14:37:07.563+0000] {manager.py:887} INFO - 
================================================================================
DAG File Processing Stats

File Path                        PID    Runtime      # DAGs    # Errors  Last Runtime    Last Run
-------------------------------  -----  ---------  --------  ----------  --------------  -------------------
/opt/airflow/dags/reddit_dag.py                           1           0  0.57s           2024-05-21T14:36:56
================================================================================
[2024-05-21T14:37:37.897+0000] {manager.py:887} INFO - 
================================================================================
DAG File Processing Stats

File Path                        PID    Runtime      # DAGs    # Errors  Last Runtime    Last Run
-------------------------------  -----  ---------  --------  ----------  --------------  -------------------
/opt/airflow/dags/reddit_dag.py                           1           0  0.63s           2024-05-21T14:37:27
================================================================================
[2024-05-21T14:38:08.116+0000] {manager.py:887} INFO - 
================================================================================
DAG File Processing Stats

File Path                        PID    Runtime      # DAGs    # Errors  Last Runtime    Last Run
-------------------------------  -----  ---------  --------  ----------  --------------  -------------------
/opt/airflow/dags/reddit_dag.py                           1           0  0.78s           2024-05-21T14:37:58
================================================================================
[2024-05-21T14:38:38.252+0000] {manager.py:887} INFO - 
================================================================================
DAG File Processing Stats

File Path                        PID    Runtime      # DAGs    # Errors  Last Runtime    Last Run
-------------------------------  -----  ---------  --------  ----------  --------------  -------------------
/opt/airflow/dags/reddit_dag.py                           1           0  0.74s           2024-05-21T14:38:30
================================================================================
[2024-05-21T14:39:09.033+0000] {manager.py:887} INFO - 
================================================================================
DAG File Processing Stats

File Path                        PID    Runtime      # DAGs    # Errors  Last Runtime    Last Run
-------------------------------  -----  ---------  --------  ----------  --------------  -------------------
/opt/airflow/dags/reddit_dag.py                           1           0  0.56s           2024-05-21T14:39:01
================================================================================
[2024-05-21T14:39:39.264+0000] {manager.py:887} INFO - 
================================================================================
DAG File Processing Stats

File Path                        PID    Runtime      # DAGs    # Errors  Last Runtime    Last Run
-------------------------------  -----  ---------  --------  ----------  --------------  -------------------
/opt/airflow/dags/reddit_dag.py                           1           0  0.85s           2024-05-21T14:39:32
================================================================================
[2024-05-21T14:40:01.612+0000] {manager.py:755} INFO - Searching for files in /opt/airflow/dags
[2024-05-21T14:40:01.674+0000] {manager.py:758} INFO - There are 1 files in /opt/airflow/dags
[2024-05-21T14:40:09.797+0000] {manager.py:887} INFO - 
================================================================================
DAG File Processing Stats

File Path                        PID    Runtime      # DAGs    # Errors  Last Runtime    Last Run
-------------------------------  -----  ---------  --------  ----------  --------------  -------------------
/opt/airflow/dags/reddit_dag.py                           1           0  1.04s           2024-05-21T14:39:56
================================================================================
[2024-05-21T14:40:40.234+0000] {manager.py:887} INFO - 
================================================================================
DAG File Processing Stats

File Path                        PID    Runtime      # DAGs    # Errors  Last Runtime    Last Run
-------------------------------  -----  ---------  --------  ----------  --------------  -------------------
/opt/airflow/dags/reddit_dag.py                           1           0  1.23s           2024-05-21T14:40:28
================================================================================
[2024-05-21T14:41:10.291+0000] {manager.py:887} INFO - 
================================================================================
DAG File Processing Stats

File Path                        PID    Runtime      # DAGs    # Errors  Last Runtime    Last Run
-------------------------------  -----  ---------  --------  ----------  --------------  -------------------
/opt/airflow/dags/reddit_dag.py                           1           0  0.66s           2024-05-21T14:40:59
================================================================================
[2024-05-21T14:41:41.004+0000] {manager.py:887} INFO - 
================================================================================
DAG File Processing Stats

File Path                        PID    Runtime      # DAGs    # Errors  Last Runtime    Last Run
-------------------------------  -----  ---------  --------  ----------  --------------  -------------------
/opt/airflow/dags/reddit_dag.py                           1           0  0.55s           2024-05-21T14:41:30
================================================================================
[2024-05-21T14:42:11.523+0000] {manager.py:887} INFO - 
================================================================================
DAG File Processing Stats

File Path                        PID    Runtime      # DAGs    # Errors  Last Runtime    Last Run
-------------------------------  -----  ---------  --------  ----------  --------------  -------------------
/opt/airflow/dags/reddit_dag.py                           1           0  0.55s           2024-05-21T14:42:00
================================================================================
[2024-05-21T14:42:42.001+0000] {manager.py:887} INFO - 
================================================================================
DAG File Processing Stats

File Path                        PID    Runtime      # DAGs    # Errors  Last Runtime    Last Run
-------------------------------  -----  ---------  --------  ----------  --------------  -------------------
/opt/airflow/dags/reddit_dag.py                           1           0  0.62s           2024-05-21T14:42:31
================================================================================
[2024-05-21T14:43:12.273+0000] {manager.py:887} INFO - 
================================================================================
DAG File Processing Stats

File Path                        PID    Runtime      # DAGs    # Errors  Last Runtime    Last Run
-------------------------------  -----  ---------  --------  ----------  --------------  -------------------
/opt/airflow/dags/reddit_dag.py                           1           0  0.82s           2024-05-21T14:43:03
================================================================================
[2024-05-21T14:43:42.773+0000] {manager.py:887} INFO - 
================================================================================
DAG File Processing Stats

File Path                        PID    Runtime      # DAGs    # Errors  Last Runtime    Last Run
-------------------------------  -----  ---------  --------  ----------  --------------  -------------------
/opt/airflow/dags/reddit_dag.py                           1           0  2.00s           2024-05-21T14:43:35
================================================================================
[2024-05-21T14:44:13.457+0000] {manager.py:887} INFO - 
================================================================================
DAG File Processing Stats

File Path                        PID    Runtime      # DAGs    # Errors  Last Runtime    Last Run
-------------------------------  -----  ---------  --------  ----------  --------------  -------------------
/opt/airflow/dags/reddit_dag.py                           1           0  0.92s           2024-05-21T14:44:07
================================================================================
[2024-05-21T14:44:44.378+0000] {manager.py:887} INFO - 
================================================================================
DAG File Processing Stats

File Path                        PID    Runtime      # DAGs    # Errors  Last Runtime    Last Run
-------------------------------  -----  ---------  --------  ----------  --------------  -------------------
/opt/airflow/dags/reddit_dag.py                           1           0  0.99s           2024-05-21T14:44:38
================================================================================
[2024-05-21T14:45:01.980+0000] {manager.py:755} INFO - Searching for files in /opt/airflow/dags
[2024-05-21T14:45:02.016+0000] {manager.py:758} INFO - There are 1 files in /opt/airflow/dags
[2024-05-21T14:45:15.025+0000] {manager.py:887} INFO - 
================================================================================
DAG File Processing Stats

File Path                        PID    Runtime      # DAGs    # Errors  Last Runtime    Last Run
-------------------------------  -----  ---------  --------  ----------  --------------  -------------------
/opt/airflow/dags/reddit_dag.py                           1           0  0.76s           2024-05-21T14:45:09
================================================================================
[2024-05-21T14:45:45.692+0000] {manager.py:887} INFO - 
================================================================================
DAG File Processing Stats

File Path                        PID    Runtime      # DAGs    # Errors  Last Runtime    Last Run
-------------------------------  -----  ---------  --------  ----------  --------------  -------------------
/opt/airflow/dags/reddit_dag.py                           1           0  1.09s           2024-05-21T14:45:41
================================================================================
[2024-05-21T14:46:15.954+0000] {manager.py:887} INFO - 
================================================================================
DAG File Processing Stats

File Path                        PID    Runtime      # DAGs    # Errors  Last Runtime    Last Run
-------------------------------  -----  ---------  --------  ----------  --------------  -------------------
/opt/airflow/dags/reddit_dag.py                           1           0  1.35s           2024-05-21T14:46:13
================================================================================
[2024-05-21T14:46:46.826+0000] {manager.py:887} INFO - 
================================================================================
DAG File Processing Stats

File Path                        PID    Runtime      # DAGs    # Errors  Last Runtime    Last Run
-------------------------------  -----  ---------  --------  ----------  --------------  -------------------
/opt/airflow/dags/reddit_dag.py                           1           0  0.96s           2024-05-21T14:46:44
================================================================================
[2024-05-21T14:47:16.853+0000] {manager.py:887} INFO - 
================================================================================
DAG File Processing Stats

File Path                        PID    Runtime      # DAGs    # Errors  Last Runtime    Last Run
-------------------------------  -----  ---------  --------  ----------  --------------  -------------------
/opt/airflow/dags/reddit_dag.py                           1           0  0.73s           2024-05-21T14:47:15
================================================================================
[2024-05-21T14:47:47.449+0000] {manager.py:887} INFO - 
================================================================================
DAG File Processing Stats

File Path                        PID    Runtime      # DAGs    # Errors  Last Runtime    Last Run
-------------------------------  -----  ---------  --------  ----------  --------------  -------------------
/opt/airflow/dags/reddit_dag.py                           1           0  0.66s           2024-05-21T14:47:46
================================================================================
[2024-05-21T14:48:17.509+0000] {manager.py:887} INFO - 
================================================================================
DAG File Processing Stats

File Path                          PID  Runtime      # DAGs    # Errors  Last Runtime    Last Run
-------------------------------  -----  ---------  --------  ----------  --------------  -------------------
/opt/airflow/dags/reddit_dag.py    107  0.02s             1           0  0.66s           2024-05-21T14:47:46
================================================================================
[2024-05-21T14:48:48.110+0000] {manager.py:887} INFO - 
================================================================================
DAG File Processing Stats

File Path                        PID    Runtime      # DAGs    # Errors  Last Runtime    Last Run
-------------------------------  -----  ---------  --------  ----------  --------------  -------------------
/opt/airflow/dags/reddit_dag.py                           1           0  0.75s           2024-05-21T14:48:18
================================================================================
[2024-05-21T14:49:18.473+0000] {manager.py:887} INFO - 
================================================================================
DAG File Processing Stats

File Path                        PID    Runtime      # DAGs    # Errors  Last Runtime    Last Run
-------------------------------  -----  ---------  --------  ----------  --------------  -------------------
/opt/airflow/dags/reddit_dag.py                           1           0  0.84s           2024-05-21T14:48:49
================================================================================
[2024-05-21T14:49:48.878+0000] {manager.py:887} INFO - 
================================================================================
DAG File Processing Stats

File Path                        PID    Runtime      # DAGs    # Errors  Last Runtime    Last Run
-------------------------------  -----  ---------  --------  ----------  --------------  -------------------
/opt/airflow/dags/reddit_dag.py                           1           0  1.08s           2024-05-21T14:49:20
================================================================================
[2024-05-21T14:50:02.094+0000] {manager.py:755} INFO - Searching for files in /opt/airflow/dags
[2024-05-21T14:50:02.126+0000] {manager.py:758} INFO - There are 1 files in /opt/airflow/dags
[2024-05-21T14:50:19.113+0000] {manager.py:887} INFO - 
================================================================================
DAG File Processing Stats

File Path                        PID    Runtime      # DAGs    # Errors  Last Runtime    Last Run
-------------------------------  -----  ---------  --------  ----------  --------------  -------------------
/opt/airflow/dags/reddit_dag.py                           1           0  0.87s           2024-05-21T14:49:51
================================================================================
[2024-05-21T14:50:49.243+0000] {manager.py:887} INFO - 
================================================================================
DAG File Processing Stats

File Path                        PID    Runtime      # DAGs    # Errors  Last Runtime    Last Run
-------------------------------  -----  ---------  --------  ----------  --------------  -------------------
/opt/airflow/dags/reddit_dag.py                           1           0  0.80s           2024-05-21T14:50:22
================================================================================
[2024-05-21T14:51:19.300+0000] {manager.py:887} INFO - 
================================================================================
DAG File Processing Stats

File Path                        PID    Runtime      # DAGs    # Errors  Last Runtime    Last Run
-------------------------------  -----  ---------  --------  ----------  --------------  -------------------
/opt/airflow/dags/reddit_dag.py                           1           0  0.60s           2024-05-21T14:50:53
================================================================================
[2024-05-21T14:51:49.566+0000] {manager.py:887} INFO - 
================================================================================
DAG File Processing Stats

File Path                        PID    Runtime      # DAGs    # Errors  Last Runtime    Last Run
-------------------------------  -----  ---------  --------  ----------  --------------  -------------------
/opt/airflow/dags/reddit_dag.py                           1           0  0.80s           2024-05-21T14:51:24
================================================================================
[2024-05-21T14:52:19.694+0000] {manager.py:887} INFO - 
================================================================================
DAG File Processing Stats

File Path                        PID    Runtime      # DAGs    # Errors  Last Runtime    Last Run
-------------------------------  -----  ---------  --------  ----------  --------------  -------------------
/opt/airflow/dags/reddit_dag.py                           1           0  1.06s           2024-05-21T14:51:56
================================================================================
[2024-05-21T14:52:50.050+0000] {manager.py:887} INFO - 
================================================================================
DAG File Processing Stats

File Path                        PID    Runtime      # DAGs    # Errors  Last Runtime    Last Run
-------------------------------  -----  ---------  --------  ----------  --------------  -------------------
/opt/airflow/dags/reddit_dag.py                           1           0  1.02s           2024-05-21T14:52:27
================================================================================
[2024-05-21T14:53:20.202+0000] {manager.py:887} INFO - 
================================================================================
DAG File Processing Stats

File Path                        PID    Runtime      # DAGs    # Errors  Last Runtime    Last Run
-------------------------------  -----  ---------  --------  ----------  --------------  -------------------
/opt/airflow/dags/reddit_dag.py                           1           0  1.78s           2024-05-21T14:52:59
================================================================================
[2024-05-21T14:53:50.460+0000] {manager.py:887} INFO - 
================================================================================
DAG File Processing Stats

File Path                        PID    Runtime      # DAGs    # Errors  Last Runtime    Last Run
-------------------------------  -----  ---------  --------  ----------  --------------  -------------------
/opt/airflow/dags/reddit_dag.py                           1           0  1.40s           2024-05-21T14:53:36
================================================================================
[2024-05-21T14:54:21.293+0000] {manager.py:887} INFO - 
================================================================================
DAG File Processing Stats

File Path                        PID    Runtime      # DAGs    # Errors  Last Runtime    Last Run
-------------------------------  -----  ---------  --------  ----------  --------------  -------------------
/opt/airflow/dags/reddit_dag.py                           1           0  1.16s           2024-05-21T14:54:08
================================================================================
[2024-05-21T15:10:54.790+0000] {manager.py:755} INFO - Searching for files in /opt/airflow/dags
[2024-05-21T15:10:54.847+0000] {manager.py:758} INFO - There are 1 files in /opt/airflow/dags
[2024-05-21T15:10:59.031+0000] {manager.py:887} INFO - 
================================================================================
DAG File Processing Stats

File Path                        PID    Runtime      # DAGs    # Errors  Last Runtime    Last Run
-------------------------------  -----  ---------  --------  ----------  --------------  -------------------
/opt/airflow/dags/reddit_dag.py                           1           0  3.44s           2024-05-21T15:10:58
================================================================================
[2024-05-21T15:33:46.040+0000] {manager.py:755} INFO - Searching for files in /opt/airflow/dags
[2024-05-21T15:33:46.701+0000] {manager.py:758} INFO - There are 1 files in /opt/airflow/dags
[2024-05-21T15:33:49.835+0000] {manager.py:887} INFO - 
================================================================================
DAG File Processing Stats

File Path                          PID  Runtime      # DAGs    # Errors  Last Runtime    Last Run
-------------------------------  -----  ---------  --------  ----------  --------------  -------------------
/opt/airflow/dags/reddit_dag.py    137  2.51s             1           0  3.44s           2024-05-21T15:10:58
================================================================================
[2024-05-21T15:34:20.258+0000] {manager.py:887} INFO - 
================================================================================
DAG File Processing Stats

File Path                          PID  Runtime      # DAGs    # Errors  Last Runtime    Last Run
-------------------------------  -----  ---------  --------  ----------  --------------  -------------------
/opt/airflow/dags/reddit_dag.py    139  0.03s             1           0  20.97s          2024-05-21T15:34:08
================================================================================
[2024-05-21T15:34:51.334+0000] {manager.py:887} INFO - 
================================================================================
DAG File Processing Stats

File Path                        PID    Runtime      # DAGs    # Errors  Last Runtime    Last Run
-------------------------------  -----  ---------  --------  ----------  --------------  -------------------
/opt/airflow/dags/reddit_dag.py                           1           0  2.62s           2024-05-21T15:34:22
================================================================================
[2024-05-21T15:35:21.692+0000] {manager.py:887} INFO - 
================================================================================
DAG File Processing Stats

File Path                        PID    Runtime      # DAGs    # Errors  Last Runtime    Last Run
-------------------------------  -----  ---------  --------  ----------  --------------  -------------------
/opt/airflow/dags/reddit_dag.py                           1           0  2.99s           2024-05-21T15:34:56
================================================================================
[2024-05-21T15:35:52.068+0000] {manager.py:887} INFO - 
================================================================================
DAG File Processing Stats

File Path                        PID    Runtime      # DAGs    # Errors  Last Runtime    Last Run
-------------------------------  -----  ---------  --------  ----------  --------------  -------------------
/opt/airflow/dags/reddit_dag.py                           1           0  0.98s           2024-05-21T15:35:27
================================================================================
[2024-05-21T15:36:22.779+0000] {manager.py:887} INFO - 
================================================================================
DAG File Processing Stats

File Path                        PID    Runtime      # DAGs    # Errors  Last Runtime    Last Run
-------------------------------  -----  ---------  --------  ----------  --------------  -------------------
/opt/airflow/dags/reddit_dag.py                           1           0  0.60s           2024-05-21T15:35:58
================================================================================
[2024-05-21T15:36:53.446+0000] {manager.py:887} INFO - 
================================================================================
DAG File Processing Stats

File Path                        PID    Runtime      # DAGs    # Errors  Last Runtime    Last Run
-------------------------------  -----  ---------  --------  ----------  --------------  -------------------
/opt/airflow/dags/reddit_dag.py                           1           0  1.25s           2024-05-21T15:36:30
================================================================================
[2024-05-21T15:37:23.968+0000] {manager.py:887} INFO - 
================================================================================
DAG File Processing Stats

File Path                        PID    Runtime      # DAGs    # Errors  Last Runtime    Last Run
-------------------------------  -----  ---------  --------  ----------  --------------  -------------------
/opt/airflow/dags/reddit_dag.py                           1           0  0.55s           2024-05-21T15:37:01
================================================================================
[2024-05-21T15:37:54.318+0000] {manager.py:887} INFO - 
================================================================================
DAG File Processing Stats

File Path                        PID    Runtime      # DAGs    # Errors  Last Runtime    Last Run
-------------------------------  -----  ---------  --------  ----------  --------------  -------------------
/opt/airflow/dags/reddit_dag.py                           1           0  0.51s           2024-05-21T15:37:32
================================================================================
[2024-05-21T15:38:24.887+0000] {manager.py:887} INFO - 
================================================================================
DAG File Processing Stats

File Path                        PID    Runtime      # DAGs    # Errors  Last Runtime    Last Run
-------------------------------  -----  ---------  --------  ----------  --------------  -------------------
/opt/airflow/dags/reddit_dag.py                           1           0  1.39s           2024-05-21T15:38:03
================================================================================
[2024-05-21T15:38:46.062+0000] {manager.py:755} INFO - Searching for files in /opt/airflow/dags
[2024-05-21T15:38:46.110+0000] {manager.py:758} INFO - There are 1 files in /opt/airflow/dags
[2024-05-21T15:38:55.234+0000] {manager.py:887} INFO - 
================================================================================
DAG File Processing Stats

File Path                        PID    Runtime      # DAGs    # Errors  Last Runtime    Last Run
-------------------------------  -----  ---------  --------  ----------  --------------  -------------------
/opt/airflow/dags/reddit_dag.py                           1           0  0.89s           2024-05-21T15:38:34
================================================================================
[2024-05-21T15:39:25.305+0000] {manager.py:887} INFO - 
================================================================================
DAG File Processing Stats

File Path                        PID    Runtime      # DAGs    # Errors  Last Runtime    Last Run
-------------------------------  -----  ---------  --------  ----------  --------------  -------------------
/opt/airflow/dags/reddit_dag.py                           1           0  0.72s           2024-05-21T15:39:06
================================================================================
[2024-05-21T15:39:55.938+0000] {manager.py:887} INFO - 
================================================================================
DAG File Processing Stats

File Path                        PID    Runtime      # DAGs    # Errors  Last Runtime    Last Run
-------------------------------  -----  ---------  --------  ----------  --------------  -------------------
/opt/airflow/dags/reddit_dag.py                           1           0  0.99s           2024-05-21T15:39:37
================================================================================
[2024-05-21T17:59:30.615+0000] {manager.py:487} INFO - Processing files using up to 2 processes at a time 
[2024-05-21T17:59:31.494+0000] {manager.py:488} INFO - Process each file at most once every 30 seconds
[2024-05-21T17:59:31.509+0000] {manager.py:489} INFO - Checking for new files in /opt/airflow/dags every 300 seconds
[2024-05-21T17:59:31.515+0000] {manager.py:755} INFO - Searching for files in /opt/airflow/dags
[2024-05-21T17:59:31.587+0000] {manager.py:758} INFO - There are 1 files in /opt/airflow/dags
[2024-05-21T17:59:32.012+0000] {manager.py:887} INFO - 
================================================================================
DAG File Processing Stats

File Path                          PID  Runtime      # DAGs    # Errors  Last Runtime    Last Run
-------------------------------  -----  ---------  --------  ----------  --------------  ----------
/opt/airflow/dags/reddit_dag.py     29  0.22s             0           0
================================================================================
[2024-05-21T18:00:04.779+0000] {manager.py:887} INFO - 
================================================================================
DAG File Processing Stats

File Path                        PID    Runtime      # DAGs    # Errors  Last Runtime    Last Run
-------------------------------  -----  ---------  --------  ----------  --------------  -------------------
/opt/airflow/dags/reddit_dag.py                           1           0  13.19s          2024-05-21T17:59:44
================================================================================
[2024-05-21T18:00:43.538+0000] {manager.py:887} INFO - 
================================================================================
DAG File Processing Stats

File Path                        PID    Runtime      # DAGs    # Errors  Last Runtime    Last Run
-------------------------------  -----  ---------  --------  ----------  --------------  -------------------
/opt/airflow/dags/reddit_dag.py                           1           0  5.98s           2024-05-21T18:00:21
================================================================================
[2024-05-21T18:01:16.813+0000] {manager.py:887} INFO - 
================================================================================
DAG File Processing Stats

File Path                          PID  Runtime      # DAGs    # Errors  Last Runtime    Last Run
-------------------------------  -----  ---------  --------  ----------  --------------  -------------------
/opt/airflow/dags/reddit_dag.py     33  24.77s            1           0  5.98s           2024-05-21T18:00:21
================================================================================
[2024-05-21T18:01:47.645+0000] {manager.py:887} INFO - 
================================================================================
DAG File Processing Stats

File Path                        PID    Runtime      # DAGs    # Errors  Last Runtime    Last Run
-------------------------------  -----  ---------  --------  ----------  --------------  -------------------
/opt/airflow/dags/reddit_dag.py                           1           0  33.19s          2024-05-21T18:01:25
================================================================================
[2024-05-21T18:02:18.130+0000] {manager.py:887} INFO - 
================================================================================
DAG File Processing Stats

File Path                        PID    Runtime      # DAGs    # Errors  Last Runtime    Last Run
-------------------------------  -----  ---------  --------  ----------  --------------  -------------------
/opt/airflow/dags/reddit_dag.py                           1           0  1.56s           2024-05-21T18:01:57
================================================================================
[2024-05-21T18:02:48.726+0000] {manager.py:887} INFO - 
================================================================================
DAG File Processing Stats

File Path                        PID    Runtime      # DAGs    # Errors  Last Runtime    Last Run
-------------------------------  -----  ---------  --------  ----------  --------------  -------------------
/opt/airflow/dags/reddit_dag.py                           1           0  0.68s           2024-05-21T18:02:28
================================================================================
