[2024-05-21T13:59:53.328+0000] {taskinstance.py:1159} INFO - Dependencies all met for dep_context=non-requeueable deps ti=<TaskInstance: etl_reddit_pipeline.reddit_extraction scheduled__2024-05-20T00:00:00+00:00 [queued]>
[2024-05-21T13:59:53.338+0000] {taskinstance.py:1159} INFO - Dependencies all met for dep_context=requeueable deps ti=<TaskInstance: etl_reddit_pipeline.reddit_extraction scheduled__2024-05-20T00:00:00+00:00 [queued]>
[2024-05-21T13:59:53.339+0000] {taskinstance.py:1361} INFO - Starting attempt 1 of 1
[2024-05-21T13:59:53.356+0000] {taskinstance.py:1382} INFO - Executing <Task(PythonOperator): reddit_extraction> on 2024-05-20 00:00:00+00:00
[2024-05-21T13:59:53.362+0000] {standard_task_runner.py:57} INFO - Started process 52 to run task
[2024-05-21T13:59:53.367+0000] {standard_task_runner.py:84} INFO - Running: ['airflow', 'tasks', 'run', 'etl_reddit_pipeline', 'reddit_extraction', 'scheduled__2024-05-20T00:00:00+00:00', '--job-id', '3', '--raw', '--subdir', 'DAGS_FOLDER/reddit_dag.py', '--cfg-path', '/tmp/tmp_4ow_koa']
[2024-05-21T13:59:53.374+0000] {standard_task_runner.py:85} INFO - Job 3: Subtask reddit_extraction
[2024-05-21T13:59:53.429+0000] {task_command.py:416} INFO - Running <TaskInstance: etl_reddit_pipeline.reddit_extraction scheduled__2024-05-20T00:00:00+00:00 [running]> on host 9f75b109240b
[2024-05-21T13:59:53.492+0000] {taskinstance.py:1662} INFO - Exporting env vars: AIRFLOW_CTX_DAG_OWNER='Yusuf Ganiyu' AIRFLOW_CTX_DAG_ID='etl_reddit_pipeline' AIRFLOW_CTX_TASK_ID='reddit_extraction' AIRFLOW_CTX_EXECUTION_DATE='2024-05-20T00:00:00+00:00' AIRFLOW_CTX_TRY_NUMBER='1' AIRFLOW_CTX_DAG_RUN_ID='scheduled__2024-05-20T00:00:00+00:00'
[2024-05-21T13:59:53.626+0000] {logging_mixin.py:151} INFO - connected to reddit!
[2024-05-21T13:59:54.462+0000] {python.py:194} INFO - Done. Returned value was: /opt/airflow/data/output/reddit_20240521.csv
[2024-05-21T13:59:54.495+0000] {taskinstance.py:1400} INFO - Marking task as SUCCESS. dag_id=etl_reddit_pipeline, task_id=reddit_extraction, execution_date=20240520T000000, start_date=20240521T135953, end_date=20240521T135954
[2024-05-21T13:59:54.563+0000] {local_task_job_runner.py:228} INFO - Task exited with return code 0
[2024-05-21T13:59:54.591+0000] {taskinstance.py:2778} INFO - 1 downstream tasks scheduled from follow-on schedule check
[2024-05-21T14:12:51.065+0000] {taskinstance.py:1159} INFO - Dependencies all met for dep_context=non-requeueable deps ti=<TaskInstance: etl_reddit_pipeline.reddit_extraction scheduled__2024-05-20T00:00:00+00:00 [queued]>
[2024-05-21T14:12:51.080+0000] {taskinstance.py:1159} INFO - Dependencies all met for dep_context=requeueable deps ti=<TaskInstance: etl_reddit_pipeline.reddit_extraction scheduled__2024-05-20T00:00:00+00:00 [queued]>
[2024-05-21T14:12:51.081+0000] {taskinstance.py:1361} INFO - Starting attempt 1 of 1
[2024-05-21T14:12:51.092+0000] {taskinstance.py:1382} INFO - Executing <Task(PythonOperator): reddit_extraction> on 2024-05-20 00:00:00+00:00
[2024-05-21T14:12:51.116+0000] {standard_task_runner.py:57} INFO - Started process 52 to run task
[2024-05-21T14:12:51.123+0000] {standard_task_runner.py:84} INFO - Running: ['airflow', 'tasks', 'run', 'etl_reddit_pipeline', 'reddit_extraction', 'scheduled__2024-05-20T00:00:00+00:00', '--job-id', '2', '--raw', '--subdir', 'DAGS_FOLDER/reddit_dag.py', '--cfg-path', '/tmp/tmpzzl83nlc']
[2024-05-21T14:12:51.140+0000] {standard_task_runner.py:85} INFO - Job 2: Subtask reddit_extraction
[2024-05-21T14:12:51.343+0000] {task_command.py:416} INFO - Running <TaskInstance: etl_reddit_pipeline.reddit_extraction scheduled__2024-05-20T00:00:00+00:00 [running]> on host c67d33b74b4a
[2024-05-21T14:12:51.501+0000] {taskinstance.py:1662} INFO - Exporting env vars: AIRFLOW_CTX_DAG_OWNER='Jyoti Yadav' AIRFLOW_CTX_DAG_ID='etl_reddit_pipeline' AIRFLOW_CTX_TASK_ID='reddit_extraction' AIRFLOW_CTX_EXECUTION_DATE='2024-05-20T00:00:00+00:00' AIRFLOW_CTX_TRY_NUMBER='1' AIRFLOW_CTX_DAG_RUN_ID='scheduled__2024-05-20T00:00:00+00:00'
[2024-05-21T14:12:51.714+0000] {logging_mixin.py:151} INFO - connected to reddit!
[2024-05-21T14:12:52.847+0000] {python.py:194} INFO - Done. Returned value was: /opt/airflow/data/output/reddit_20240521.csv
[2024-05-21T14:12:52.986+0000] {taskinstance.py:1400} INFO - Marking task as SUCCESS. dag_id=etl_reddit_pipeline, task_id=reddit_extraction, execution_date=20240520T000000, start_date=20240521T141251, end_date=20240521T141252
[2024-05-21T14:12:53.136+0000] {local_task_job_runner.py:228} INFO - Task exited with return code 0
[2024-05-21T14:12:53.203+0000] {taskinstance.py:2778} INFO - 1 downstream tasks scheduled from follow-on schedule check
[2024-05-21T14:31:21.327+0000] {taskinstance.py:1159} INFO - Dependencies all met for dep_context=non-requeueable deps ti=<TaskInstance: etl_reddit_pipeline.reddit_extraction scheduled__2024-05-20T00:00:00+00:00 [queued]>
[2024-05-21T14:31:21.338+0000] {taskinstance.py:1159} INFO - Dependencies all met for dep_context=requeueable deps ti=<TaskInstance: etl_reddit_pipeline.reddit_extraction scheduled__2024-05-20T00:00:00+00:00 [queued]>
[2024-05-21T14:31:21.340+0000] {taskinstance.py:1361} INFO - Starting attempt 1 of 1
[2024-05-21T14:31:21.349+0000] {taskinstance.py:1382} INFO - Executing <Task(PythonOperator): reddit_extraction> on 2024-05-20 00:00:00+00:00
[2024-05-21T14:31:21.359+0000] {standard_task_runner.py:57} INFO - Started process 52 to run task
[2024-05-21T14:31:21.360+0000] {standard_task_runner.py:84} INFO - Running: ['airflow', 'tasks', 'run', 'etl_reddit_pipeline', 'reddit_extraction', 'scheduled__2024-05-20T00:00:00+00:00', '--job-id', '2', '--raw', '--subdir', 'DAGS_FOLDER/reddit_dag.py', '--cfg-path', '/tmp/tmpeff_92gd']
[2024-05-21T14:31:21.367+0000] {standard_task_runner.py:85} INFO - Job 2: Subtask reddit_extraction
[2024-05-21T14:31:21.499+0000] {task_command.py:416} INFO - Running <TaskInstance: etl_reddit_pipeline.reddit_extraction scheduled__2024-05-20T00:00:00+00:00 [running]> on host 391bfe04c991
[2024-05-21T14:31:21.561+0000] {taskinstance.py:1662} INFO - Exporting env vars: AIRFLOW_CTX_DAG_OWNER='Jyoti Yadav' AIRFLOW_CTX_DAG_ID='etl_reddit_pipeline' AIRFLOW_CTX_TASK_ID='reddit_extraction' AIRFLOW_CTX_EXECUTION_DATE='2024-05-20T00:00:00+00:00' AIRFLOW_CTX_TRY_NUMBER='1' AIRFLOW_CTX_DAG_RUN_ID='scheduled__2024-05-20T00:00:00+00:00'
[2024-05-21T14:31:21.755+0000] {logging_mixin.py:151} INFO - connected to reddit!
[2024-05-21T14:31:22.625+0000] {python.py:194} INFO - Done. Returned value was: /opt/airflow/data/output/reddit_20240521.csv
[2024-05-21T14:31:22.677+0000] {taskinstance.py:1400} INFO - Marking task as SUCCESS. dag_id=etl_reddit_pipeline, task_id=reddit_extraction, execution_date=20240520T000000, start_date=20240521T143121, end_date=20240521T143122
[2024-05-21T14:31:22.741+0000] {local_task_job_runner.py:228} INFO - Task exited with return code 0
[2024-05-21T14:31:22.804+0000] {taskinstance.py:2778} INFO - 1 downstream tasks scheduled from follow-on schedule check
